<?xml version="1.0" encoding="UTF-8"?>
<!-- Generated by org.testng.reporters.JUnitXMLReporter -->
<testsuite hostname="DESKTOP-1SCR1MJ" ignored="0" name="SelfService Classes" tests="5" failures="0" timestamp="27 Mar 2018 07:53:21 GMT" time="251.938" errors="0">
  <testcase name="homepage" time="7.098" classname="com.selfservice.testcase.HomepageTest"/>
  <testcase name="loginpage" time="21.807" classname="com.selfservice.testcase.LoginpageTest"/>
  <testcase name="feedslist" time="19.872" classname="com.selfservice.testcase.FeedslistpageTest"/>
  <testcase name="verify_profile" time="46.89" classname="com.selfservice.testcase.UserprofilepageTest"/>
  <testcase name="feedspagetest" time="64.581" classname="com.selfservice.testcase.AddfeedspageTest"/>
</testsuite> <!-- SelfService Classes -->
