<?xml version="1.0" encoding="UTF-8"?>
<testng-results skipped="0" failed="0" ignored="0" total="1" passed="1">
  <reporter-output>
  </reporter-output>
  <suite name="Default suite" duration-ms="59542" started-at="2018-03-27T08:07:28Z" finished-at="2018-03-27T08:08:27Z">
    <groups>
    </groups>
    <test name="Default test" duration-ms="59542" started-at="2018-03-27T08:07:28Z" finished-at="2018-03-27T08:08:27Z">
      <class name="com.selfservice.testcase.FeedslistpageTest">
        <test-method status="PASS" signature="setup()[pri:0, instance:com.selfservice.testcase.FeedslistpageTest@4b1c1ea0]" name="setup" is-config="true" duration-ms="15690" started-at="2018-03-27T08:07:28Z" finished-at="2018-03-27T08:07:43Z">
          <reporter-output>
          </reporter-output>
        </test-method> <!-- setup -->
        <test-method status="PASS" signature="feedslist()[pri:0, instance:com.selfservice.testcase.FeedslistpageTest@4b1c1ea0]" name="feedslist" duration-ms="38677" started-at="2018-03-27T08:07:44Z" finished-at="2018-03-27T08:08:22Z">
          <reporter-output>
          </reporter-output>
        </test-method> <!-- feedslist -->
        <test-method status="PASS" signature="close()[pri:0, instance:com.selfservice.testcase.FeedslistpageTest@4b1c1ea0]" name="close" is-config="true" duration-ms="5158" started-at="2018-03-27T08:08:22Z" finished-at="2018-03-27T08:08:27Z">
          <reporter-output>
          </reporter-output>
        </test-method> <!-- close -->
      </class> <!-- com.selfservice.testcase.FeedslistpageTest -->
    </test> <!-- Default test -->
  </suite> <!-- Default suite -->
</testng-results>
